22:30:27.593 skipping bootstrap configuration: could not find or read file: classpath:karate-config.js
22:30:31.953 request:
1 > GET https://data.weather.gov.hk/weatherAPI/opendata/weather.php?dataType=rhrread&lang=en
1 > Accept: application/json
1 > Accept-Encoding: gzip,deflate
1 > Connection: Keep-Alive
1 > Host: data.weather.gov.hk
1 > User-Agent: Apache-HttpClient/4.5.12 (Java/1.8.0_191)

22:30:35.226 response time in milliseconds: 3232.93
1 < 200
1 < Access-Control-Allow-Origin: *
1 < Connection: Keep-Alive
1 < Content-Security-Policy: [default-src 'self'; frame-ancestors 'self' *;, frame-ancestors 'self' gowise2.weather.gov.hk gowise2.hko.ccgo.hksarg kids.weather.gov.hk;]
1 < Content-Type: application/json; charset=utf-8
1 < Date: Thu, 07 Jan 2021 14:30:22 GMT
1 < Keep-Alive: timeout=10, max=100
1 < Referrer-Policy: no-referrer-when-downgrade
1 < Server: Apache
1 < Strict-Transport-Security: max-age=63072000
1 < Transfer-Encoding: chunked
1 < X-Frame-Options: [SAMEORIGIN, SAMEORIGIN]
{"rainfall":{"data":[{"unit":"mm","place":"Central &amp; Western District","max":0,"main":"FALSE"},{"unit":"mm","place":"Eastern District","max":0,"main":"FALSE"},{"unit":"mm","place":"Kwai Tsing","max":0,"main":"FALSE"},{"unit":"mm","place":"Islands District","max":0,"main":"FALSE"},{"unit":"mm","place":"North District","max":0,"main":"FALSE"},{"unit":"mm","place":"Sai Kung","max":0,"main":"FALSE"},{"unit":"mm","place":"Sha Tin","max":0,"main":"FALSE"},{"unit":"mm","place":"Southern District","max":0,"main":"FALSE"},{"unit":"mm","place":"Tai Po","max":0,"main":"FALSE"},{"unit":"mm","place":"Tsuen Wan","max":0,"main":"FALSE"},{"unit":"mm","place":"Tuen Mun","max":0,"main":"FALSE"},{"unit":"mm","place":"Wan Chai","max":0,"main":"FALSE"},{"unit":"mm","place":"Yuen Long","max":0,"main":"FALSE"},{"unit":"mm","place":"Yau Tsim Mong","max":0,"main":"FALSE"},{"unit":"mm","place":"Sham Shui Po","max":0,"main":"FALSE"},{"unit":"mm","place":"Kowloon City","max":0,"main":"FALSE"},{"unit":"mm","place":"Wong Tai Sin","max":0,"main":"FALSE"},{"unit":"mm","place":"Kwun Tong","max":0,"main":"FALSE"}],"startTime":"2021-01-07T20:45:00+08:00","endTime":"2021-01-07T21:45:00+08:00"},"icon":[60],"iconUpdateTime":"2021-01-07T18:00:00+08:00","uvindex":"","updateTime":"2021-01-07T22:02:00+08:00","temperature":{"data":[{"place":"King's Park","value":11,"unit":"C"},{"place":"Hong Kong Observatory","value":12,"unit":"C"},{"place":"Wong Chuk Hang","value":13,"unit":"C"},{"place":"Ta Kwu Ling","value":9,"unit":"C"},{"place":"Lau Fau Shan","value":10,"unit":"C"},{"place":"Tai Po","value":10,"unit":"C"},{"place":"Sha Tin","value":11,"unit":"C"},{"place":"Tuen Mun","value":10,"unit":"C"},{"place":"Tseung Kwan O","value":11,"unit":"C"},{"place":"Sai Kung","value":10,"unit":"C"},{"place":"Cheung Chau","value":11,"unit":"C"},{"place":"Chek Lap Kok","value":11,"unit":"C"},{"place":"Tsing Yi","value":12,"unit":"C"},{"place":"Shek Kong","value":10,"unit":"C"},{"place":"Tsuen Wan Ho Koon","value":9,"unit":"C"},{"place":"Tsuen Wan Shing Mun Valley","value":11,"unit":"C"},{"place":"Hong Kong Park","value":12,"unit":"C"},{"place":"Shau Kei Wan","value":11,"unit":"C"},{"place":"Kowloon City","value":10,"unit":"C"},{"place":"Happy Valley","value":13,"unit":"C"},{"place":"Wong Tai Sin","value":11,"unit":"C"},{"place":"Stanley","value":12,"unit":"C"},{"place":"Kwun Tong","value":11,"unit":"C"},{"place":"Sham Shui Po","value":11,"unit":"C"},{"place":"Kai Tak Runway Park","value":12,"unit":"C"},{"place":"Yuen Long Park","value":10,"unit":"C"},{"place":"Tai Mei Tuk","value":10,"unit":"C"}],"recordTime":"2021-01-07T22:00:00+08:00"},"warningMessage":["The Fire Danger Warning is Yellow and the fire risk is high.","The Cold Weather Warning is now in force. Cold weather might cause adverse health effects. Members of the public should take care to keep warm."],"mintempFrom00To09":"","rainfallFrom00To12":"","rainfallLastMonth":"","rainfallJanuaryToLastMonth":"","tcmessage":"","humidity":{"recordTime":"2021-01-07T22:00:00+08:00","data":[{"unit":"percent","value":67,"place":"Hong Kong Observatory"}]}}

